<?xml version="1.0" encoding="UTF-8"?><testsuite errors="1" failures="0" name="Utest" skipped="0" tests="1" time="204.59" timestamp="2021-02-16 05:47:59"><testcase name="Search for a Join Today"><error message="no such element: Unable to locate element: {&quot;method&quot;:&quot;xpath&quot;,&quot;selector&quot;:&quot;//body[1]/ui-view[1]/unauthenticated-container[1]/div[1]/div[1]/div[1]/ui-view[1]/div[1]/div[1]/div[1]/div[1]/div[1]/h1[1]&quot;}&#10;  (Session info: chrome=88.0.4324.150)&#10;For documentation on this error, please visit: https://www.seleniumhq.org/exceptions/no_such_element.html&#10;Build info: version: '3.141.59', revision: 'e82be7d358', time: '2018-11-14T08:17:03'&#10;System info: host: 'DESKTOP-3L5QCDV', ip: '192.168.0.19', os.name: 'Windows 10', os.arch: 'amd64', os.version: '10.0', java.version: '1.8.0_281'&#10;Driver info: org.openqa.selenium.chrome.ChromeDriver&#10;Capabilities {acceptInsecureCerts: false, browserName: chrome, browserVersion: 88.0.4324.150, chrome: {chromedriverVersion: 88.0.4324.96 (68dba2d8a0b14..., userDataDir: C:\Users\DANNAP~1\AppData\L...}, goog:chromeOptions: {debuggerAddress: localhost:61800}, javascriptEnabled: true, networkConnectionEnabled: false, pageLoadStrategy: normal, platform: WINDOWS, platformName: WINDOWS, proxy: Proxy(), setWindowRect: true, strictFileInteractability: false, timeouts: {implicit: 0, pageLoad: 300000, script: 30000}, unhandledPromptBehavior: dismiss and notify, webauthn:extension:largeBlob: true, webauthn:virtualAuthenticators: true}&#10;Session ID: f8eee6b14ce7543d0c38005cf66d4e41&#10;*** Element info: {Using=xpath, value=//body[1]/ui-view[1]/unauthenticated-container[1]/div[1]/div[1]/div[1]/ui-view[1]/div[1]/div[1]/div[1]/div[1]/div[1]/h1[1]}" type="java.lang.AssertionError">no such element: Unable to locate element: {"method":"xpath","selector":"//body[1]/ui-view[1]/unauthenticated-container[1]/div[1]/div[1]/div[1]/ui-view[1]/div[1]/div[1]/div[1]/div[1]/div[1]/h1[1]"}
  (Session info: chrome=88.0.4324.150)
For documentation on this error, please visit: https://www.seleniumhq.org/exceptions/no_such_element.html
Build info: version: '3.141.59', revision: 'e82be7d358', time: '2018-11-14T08:17:03'
System info: host: 'DESKTOP-3L5QCDV', ip: '192.168.0.19', os.name: 'Windows 10', os.arch: 'amd64', os.version: '10.0', java.version: '1.8.0_281'
Driver info: org.openqa.selenium.chrome.ChromeDriver
Capabilities {acceptInsecureCerts: false, browserName: chrome, browserVersion: 88.0.4324.150, chrome: {chromedriverVersion: 88.0.4324.96 (68dba2d8a0b14..., userDataDir: C:\Users\DANNAP~1\AppData\L...}, goog:chromeOptions: {debuggerAddress: localhost:61800}, javascriptEnabled: true, networkConnectionEnabled: false, pageLoadStrategy: normal, platform: WINDOWS, platformName: WINDOWS, proxy: Proxy(), setWindowRect: true, strictFileInteractability: false, timeouts: {implicit: 0, pageLoad: 300000, script: 30000}, unhandledPromptBehavior: dismiss and notify, webauthn:extension:largeBlob: true, webauthn:virtualAuthenticators: true}
Session ID: f8eee6b14ce7543d0c38005cf66d4e41
*** Element info: {Using=xpath, value=//body[1]/ui-view[1]/unauthenticated-container[1]/div[1]/div[1]/div[1]/ui-view[1]/div[1]/div[1]/div[1]/div[1]/div[1]/h1[1]}</error><system-err>no such element: Unable to locate element: {"method":"xpath","selector":"//body[1]/ui-view[1]/unauthenticated-container[1]/div[1]/div[1]/div[1]/ui-view[1]/div[1]/div[1]/div[1]/div[1]/div[1]/h1[1]"}
  (Session info: chrome=88.0.4324.150)
For documentation on this error, please visit: https://www.seleniumhq.org/exceptions/no_such_element.html
Build info: version: '3.141.59', revision: 'e82be7d358', time: '2018-11-14T08:17:03'
System info: host: 'DESKTOP-3L5QCDV', ip: '192.168.0.19', os.name: 'Windows 10', os.arch: 'amd64', os.version: '10.0', java.version: '1.8.0_281'
Driver info: org.openqa.selenium.chrome.ChromeDriver
Capabilities {acceptInsecureCerts: false, browserName: chrome, browserVersion: 88.0.4324.150, chrome: {chromedriverVersion: 88.0.4324.96 (68dba2d8a0b14..., userDataDir: C:\Users\DANNAP~1\AppData\L...}, goog:chromeOptions: {debuggerAddress: localhost:61800}, javascriptEnabled: true, networkConnectionEnabled: false, pageLoadStrategy: normal, platform: WINDOWS, platformName: WINDOWS, proxy: Proxy(), setWindowRect: true, strictFileInteractability: false, timeouts: {implicit: 0, pageLoad: 300000, script: 30000}, unhandledPromptBehavior: dismiss and notify, webauthn:extension:largeBlob: true, webauthn:virtualAuthenticators: true}
Session ID: f8eee6b14ce7543d0c38005cf66d4e41
*** Element info: {Using=xpath, value=//body[1]/ui-view[1]/unauthenticated-container[1]/div[1]/div[1]/div[1]/ui-view[1]/div[1]/div[1]/div[1]/div[1]/div[1]/h1[1]}&#13;
co.com.choucair.utest.stepdefinitions.choucairUtestStepDefinitions.sheHasBeenRegistered(choucairUtestStepDefinitions.java:42)&#13;
✽.She has been registered(src/test/resources/features/choucairUTest.feature:10)&#13;
</system-err></testcase></testsuite>